<?xml version="1.0" encoding="UTF-8" ?>
<testsuite tests="80" failures="0" name="com.google.protobuf.GeneratedMessageTest" time="0.26" errors="0" skipped="0">
  <properties>
[...]
</properties>
  <testcase classname="com.google.protobuf.GeneratedMessageTest" name="testClear" time="0.002"/>
  <testcase classname="com.google.protobuf.GeneratedMessageTest" name="testParsePackedToUnpacked" time="0"/>
  <testcase classname="com.google.protobuf.GeneratedMessageTest" name="testParseUnpackedToPacked" time="0.001"/>
  <testcase classname="com.google.protobuf.GeneratedMessageTest" name="testReflectionClearOneof" time="0.006"/>
  <testcase classname="com.google.protobuf.GeneratedMessageTest" name="testEnumInterface" time="0.001"/>
  <testcase classname="com.google.protobuf.GeneratedMessageTest" name="testEnumMap" time="0"/>
  <testcase classname="com.google.protobuf.GeneratedMessageTest" name="testExtensionMessageOrBuilder" time="0.003"/>
  <testcase classname="com.google.protobuf.GeneratedMessageTest" name="testExtensionRepeatedSetters" time="0.001"/>
  <testcase classname="com.google.protobuf.GeneratedMessageTest" name="testExtensionDefaults" time="0"/>
  <testcase classname="com.google.protobuf.GeneratedMessageTest" name="testExtensionReflectionGetters" time="0.002"/>
  <testcase classname="com.google.protobuf.GeneratedMessageTest" name="testExtensionReflectionSetters" time="0.001"/>
  <testcase classname="com.google.protobuf.GeneratedMessageTest" name="testExtensionReflectionSettersRejectNull" time="0.001"/>
  <testcase classname="com.google.protobuf.GeneratedMessageTest" name="testExtensionReflectionRepeatedSetters" time="0.001"/>
  <testcase classname="com.google.protobuf.GeneratedMessageTest" name="testExtensionReflectionRepeatedSettersRejectNull" time="0"/>
  <testcase classname="com.google.protobuf.GeneratedMessageTest" name="testExtensionReflectionDefaults" time="0.001"/>
  <testcase classname="com.google.protobuf.GeneratedMessageTest" name="testClearExtension" time="0"/>
  <testcase classname="com.google.protobuf.GeneratedMessageTest" name="testExtensionCopy" time="0"/>
  <testcase classname="com.google.protobuf.GeneratedMessageTest" name="testExtensionMergeFrom" time="0.001"/>
  <testcase classname="com.google.protobuf.GeneratedMessageTest" name="testLiteExtensionMessageOrBuilder" time="0.013"/>
  <testcase classname="com.google.protobuf.GeneratedMessageTest" name="testLiteExtensionRepeatedSetters" time="0.002"/>
  <testcase classname="com.google.protobuf.GeneratedMessageTest" name="testLiteExtensionDefaults" time="0"/>
  <testcase classname="com.google.protobuf.GeneratedMessageTest" name="testClearLiteExtension" time="0"/>
  <testcase classname="com.google.protobuf.GeneratedMessageTest" name="testLiteExtensionCopy" time="0.009"/>
  <testcase classname="com.google.protobuf.GeneratedMessageTest" name="testLiteExtensionMergeFrom" time="0"/>
  <testcase classname="com.google.protobuf.GeneratedMessageTest" name="testEnumValueOptionsInMultipleFilesMode" time="0.001"/>
  <testcase classname="com.google.protobuf.GeneratedMessageTest" name="testMultipleFilesOption" time="0.001"/>
  <testcase classname="com.google.protobuf.GeneratedMessageTest" name="testOptionalFieldWithRequiredSubfieldsOptimizedForSize" time="0.002"/>
  <testcase classname="com.google.protobuf.GeneratedMessageTest" name="testUninitializedExtensionInOptimizedForSize" time="0"/>
  <testcase classname="com.google.protobuf.GeneratedMessageTest" name="testToBuilder" time="0.001"/>
  <testcase classname="com.google.protobuf.GeneratedMessageTest" name="testFieldConstantValues" time="0"/>
  <testcase classname="com.google.protobuf.GeneratedMessageTest" name="testExtensionConstantValues" time="0"/>
  <testcase classname="com.google.protobuf.GeneratedMessageTest" name="testRecursiveMessageDefaultInstance" time="0"/>
  <testcase classname="com.google.protobuf.GeneratedMessageTest" name="testSerialize" time="0.05"/>
  <testcase classname="com.google.protobuf.GeneratedMessageTest" name="testSerializePartial" time="0.001"/>
  <testcase classname="com.google.protobuf.GeneratedMessageTest" name="testEnumValues" time="0"/>
  <testcase classname="com.google.protobuf.GeneratedMessageTest" name="testNonNestedExtensionInitialization" time="0.006"/>
  <testcase classname="com.google.protobuf.GeneratedMessageTest" name="testNestedExtensionInitialization" time="0.003"/>
  <testcase classname="com.google.protobuf.GeneratedMessageTest" name="testNonNestedExtensionLiteInitialization" time="0.002"/>
  <testcase classname="com.google.protobuf.GeneratedMessageTest" name="testNestedExtensionLiteInitialization" time="0.001"/>
  <testcase classname="com.google.protobuf.GeneratedMessageTest" name="testInvalidations" time="0.001"/>
  <testcase classname="com.google.protobuf.GeneratedMessageTest" name="testInvalidations_Extensions" time="0.001"/>
  <testcase classname="com.google.protobuf.GeneratedMessageTest" name="testBaseMessageOrBuilder" time="0"/>
  <testcase classname="com.google.protobuf.GeneratedMessageTest" name="testMessageOrBuilderGetters" time="0.004"/>
  <testcase classname="com.google.protobuf.GeneratedMessageTest" name="testGetFieldBuilder" time="0.001"/>
  <testcase classname="com.google.protobuf.GeneratedMessageTest" name="testGetFieldBuilderWithInitializedValue" time="0"/>
  <testcase classname="com.google.protobuf.GeneratedMessageTest" name="testGetFieldBuilderNotSupportedException" time="0"/>
  <testcase classname="com.google.protobuf.GeneratedMessageTest" name="testConflictingOuterClassName" time="0.009"/>
  <testcase classname="com.google.protobuf.GeneratedMessageTest" name="testOneofEnumCase" time="0.014"/>
  <testcase classname="com.google.protobuf.GeneratedMessageTest" name="testClearOneof" time="0"/>
  <testcase classname="com.google.protobuf.GeneratedMessageTest" name="testSetOneofClearsOthers" time="0.002"/>
  <testcase classname="com.google.protobuf.GeneratedMessageTest" name="testOneofTypes" time="0"/>
  <testcase classname="com.google.protobuf.GeneratedMessageTest" name="testOneofMerge" time="0"/>
  <testcase classname="com.google.protobuf.GeneratedMessageTest" name="testOneofSerialization" time="0.001"/>
  <testcase classname="com.google.protobuf.GeneratedMessageTest" name="testOneofNestedBuilderOnChangePropagation" time="0.002"/>
  <testcase classname="com.google.protobuf.GeneratedMessageTest" name="testGetRepeatedFieldBuilder" time="0.004"/>
  <testcase classname="com.google.protobuf.GeneratedMessageTest" name="testGetRepeatedFieldBuilderWithInitializedValue" time="0.001"/>
  <testcase classname="com.google.protobuf.GeneratedMessageTest" name="testGetRepeatedFieldBuilderNotSupportedException" time="0"/>
  <testcase classname="com.google.protobuf.GeneratedMessageTest" name="testDefaultInstance" time="0"/>
  <testcase classname="com.google.protobuf.GeneratedMessageTest" name="testMessageOrBuilder" time="0"/>
  <testcase classname="com.google.protobuf.GeneratedMessageTest" name="testUsingBuilderMultipleTimes" time="0"/>
  <testcase classname="com.google.protobuf.GeneratedMessageTest" name="testProtosShareRepeatedArraysIfDidntChange" time="0"/>
  <testcase classname="com.google.protobuf.GeneratedMessageTest" name="testRepeatedArraysAreImmutable" time="0.001"/>
  <testcase classname="com.google.protobuf.GeneratedMessageTest" name="testParsedMessagesAreImmutable" time="0.003"/>
  <testcase classname="com.google.protobuf.GeneratedMessageTest" name="testSettersRejectNull" time="0"/>
  <testcase classname="com.google.protobuf.GeneratedMessageTest" name="testRepeatedSetters" time="0.001"/>
  <testcase classname="com.google.protobuf.GeneratedMessageTest" name="testRepeatedSettersRejectNull" time="0"/>
  <testcase classname="com.google.protobuf.GeneratedMessageTest" name="testRepeatedAppend" time="0"/>
  <testcase classname="com.google.protobuf.GeneratedMessageTest" name="testRepeatedAppendRejectsNull" time="0"/>
  <testcase classname="com.google.protobuf.GeneratedMessageTest" name="testRepeatedAppendIterateOnlyOnce" time="0.001"/>
  <testcase classname="com.google.protobuf.GeneratedMessageTest" name="testMergeFromOtherRejectsNull" time="0.001"/>
  <testcase classname="com.google.protobuf.GeneratedMessageTest" name="testSettingForeignMessageUsingBuilder" time="0"/>
  <testcase classname="com.google.protobuf.GeneratedMessageTest" name="testSettingRepeatedForeignMessageUsingBuilder" time="0.001"/>
  <testcase classname="com.google.protobuf.GeneratedMessageTest" name="testDefaults" time="0"/>
  <testcase classname="com.google.protobuf.GeneratedMessageTest" name="testReflectionGetters" time="0.003"/>
  <testcase classname="com.google.protobuf.GeneratedMessageTest" name="testReflectionSetters" time="0.006"/>
  <testcase classname="com.google.protobuf.GeneratedMessageTest" name="testReflectionSettersRejectNull" time="0.001"/>
  <testcase classname="com.google.protobuf.GeneratedMessageTest" name="testReflectionRepeatedSetters" time="0.002"/>
  <testcase classname="com.google.protobuf.GeneratedMessageTest" name="testReflectionRepeatedSettersRejectNull" time="0"/>
  <testcase classname="com.google.protobuf.GeneratedMessageTest" name="testReflectionDefaults" time="0.002"/>
  <testcase classname="com.google.protobuf.GeneratedMessageTest" name="testReflectionGetOneof" time="0.003"/>
</testsuite>